This is e-pTeX, Version 3.14159265-p3.7-160201-2.6 (utf8.euc) (TeX Live 2016) (preloaded format=platex 2017.1.21)  1 MAR 2017 01:41
entering extended mode
 restricted \write18 enabled.
 %&-line parsing enabled.
**/Users/6uclz1/Code/GitHub_MyRepo/learned_about_machine_learning/20161121/line
ar_regression.tex

(/Users/6uclz1/Code/GitHub_MyRepo/learned_about_machine_learning/20161121/linea
r_regression.tex
pLaTeX2e <2016/11/29> (based on LaTeX2e <2016/03/31> patch level 3)
Babel <3.9r> and hyphenation patterns for 83 language(s) loaded.
(/usr/local/texlive/2016/texmf-dist/tex/platex/base/jarticle.cls
Document Class: jarticle 2016/11/22 v1.7b Standard pLaTeX class
\c@@paper=\count82
(/usr/local/texlive/2016/texmf-dist/tex/platex/base/jsize10.clo
File: jsize10.clo 2016/11/22 v1.7b Standard pLaTeX file (size option)
)
\c@part=\count83
\c@section=\count84
\c@subsection=\count85
\c@subsubsection=\count86
\c@paragraph=\count87
\c@subparagraph=\count88
\c@figure=\count89
\c@table=\count90
\abovecaptionskip=\skip41
\belowcaptionskip=\skip42
\symmincho=\mathgroup4
LaTeX Font Info:    Overwriting symbol font `mincho' in version `bold'
(Font)                  JY1/mc/m/n --> JY1/gt/m/n on input line 579.
\toclineskip=\dimen118
\@lnumwidth=\dimen119
\bibindent=\dimen120
\heisei=\count91
)
(/usr/local/texlive/2016/texmf-dist/tex/platex/base/ascmac.sty
Package: ascmac 2016/08/21 v2.0c ascmac wrapper (community edition) 

(/usr/local/texlive/2016/texmf-dist/tex/platex/base/tascmac.sty
Package: tascmac 2016/08/21 v2.0c ascmac package (community edition) 
\@savetbaselineshift=\dimen121
\@saveybaselineshift=\dimen122
\scb@x=\box41
\scscb@x=\box42
\@bw=\dimen123
\@nbox=\box43
\@nbody=\box44
\@scw=\dimen124
\@itemh=\dimen125
\@iboxpos=\toks15
\@iboxstr=\box45
\@bwsp=\box46
\@@bwsp=\box47
\@bcal=\count92
\shaderule=\dimen126
))
(/usr/local/texlive/2016/texmf-dist/tex/latex/here/here.sty)
(/usr/local/texlive/2016/texmf-dist/tex/latex/float/float.sty
Package: float 2001/11/08 v1.3d Float enhancements (AL)
\c@float@type=\count93
\float@exts=\toks16
\float@box=\box48
\@float@everytoks=\toks17
\@floatcapt=\box49
)
(/usr/local/texlive/2016/texmf-dist/tex/latex/txfonts/txfonts.sty
Package: txfonts 2008/01/22 v3.2.1
LaTeX Font Info:    Redeclaring symbol font `operators' on input line 21.
LaTeX Font Info:    Overwriting symbol font `operators' in version `normal'
(Font)                  OT1/cmr/m/n --> OT1/txr/m/n on input line 21.
LaTeX Font Info:    Overwriting symbol font `operators' in version `bold'
(Font)                  OT1/cmr/bx/n --> OT1/txr/m/n on input line 21.
LaTeX Font Info:    Overwriting symbol font `operators' in version `bold'
(Font)                  OT1/txr/m/n --> OT1/txr/bx/n on input line 22.
\symitalic=\mathgroup5
LaTeX Font Info:    Overwriting symbol font `italic' in version `bold'
(Font)                  OT1/txr/m/it --> OT1/txr/bx/it on input line 26.
LaTeX Font Info:    Redeclaring math alphabet \mathbf on input line 29.
LaTeX Font Info:    Overwriting math alphabet `\mathbf' in version `normal'
(Font)                  OT1/cmr/bx/n --> OT1/txr/bx/n on input line 29.
LaTeX Font Info:    Overwriting math alphabet `\mathbf' in version `bold'
(Font)                  OT1/cmr/bx/n --> OT1/txr/bx/n on input line 29.
LaTeX Font Info:    Redeclaring math alphabet \mathit on input line 30.
LaTeX Font Info:    Overwriting math alphabet `\mathit' in version `normal'
(Font)                  OT1/cmr/m/it --> OT1/txr/m/it on input line 30.
LaTeX Font Info:    Overwriting math alphabet `\mathit' in version `bold'
(Font)                  OT1/cmr/bx/it --> OT1/txr/m/it on input line 30.
LaTeX Font Info:    Overwriting math alphabet `\mathit' in version `bold'
(Font)                  OT1/txr/m/it --> OT1/txr/bx/it on input line 31.
LaTeX Font Info:    Redeclaring math alphabet \mathsf on input line 40.
LaTeX Font Info:    Overwriting math alphabet `\mathsf' in version `normal'
(Font)                  OT1/cmss/m/n --> OT1/txss/m/n on input line 40.
LaTeX Font Info:    Overwriting math alphabet `\mathsf' in version `bold'
(Font)                  OT1/cmss/bx/n --> OT1/txss/m/n on input line 40.
LaTeX Font Info:    Overwriting math alphabet `\mathsf' in version `bold'
(Font)                  OT1/txss/m/n --> OT1/txss/b/n on input line 41.
LaTeX Font Info:    Redeclaring math alphabet \mathtt on input line 50.
LaTeX Font Info:    Overwriting math alphabet `\mathtt' in version `normal'
(Font)                  OT1/cmtt/m/n --> OT1/txtt/m/n on input line 50.
LaTeX Font Info:    Overwriting math alphabet `\mathtt' in version `bold'
(Font)                  OT1/cmtt/m/n --> OT1/txtt/m/n on input line 50.
LaTeX Font Info:    Overwriting math alphabet `\mathtt' in version `bold'
(Font)                  OT1/txtt/m/n --> OT1/txtt/b/n on input line 51.
LaTeX Font Info:    Redeclaring symbol font `letters' on input line 58.
LaTeX Font Info:    Overwriting symbol font `letters' in version `normal'
(Font)                  OML/cmm/m/it --> OML/txmi/m/it on input line 58.
LaTeX Font Info:    Overwriting symbol font `letters' in version `bold'
(Font)                  OML/cmm/b/it --> OML/txmi/m/it on input line 58.
LaTeX Font Info:    Overwriting symbol font `letters' in version `bold'
(Font)                  OML/txmi/m/it --> OML/txmi/bx/it on input line 59.
\symlettersA=\mathgroup6
LaTeX Font Info:    Overwriting symbol font `lettersA' in version `bold'
(Font)                  U/txmia/m/it --> U/txmia/bx/it on input line 67.
LaTeX Font Info:    Redeclaring symbol font `symbols' on input line 77.
LaTeX Font Info:    Overwriting symbol font `symbols' in version `normal'
(Font)                  OMS/cmsy/m/n --> OMS/txsy/m/n on input line 77.
LaTeX Font Info:    Overwriting symbol font `symbols' in version `bold'
(Font)                  OMS/cmsy/b/n --> OMS/txsy/m/n on input line 77.
LaTeX Font Info:    Overwriting symbol font `symbols' in version `bold'
(Font)                  OMS/txsy/m/n --> OMS/txsy/bx/n on input line 78.
\symAMSa=\mathgroup7
LaTeX Font Info:    Overwriting symbol font `AMSa' in version `bold'
(Font)                  U/txsya/m/n --> U/txsya/bx/n on input line 94.
\symAMSb=\mathgroup8
LaTeX Font Info:    Overwriting symbol font `AMSb' in version `bold'
(Font)                  U/txsyb/m/n --> U/txsyb/bx/n on input line 103.
\symsymbolsC=\mathgroup9
LaTeX Font Info:    Overwriting symbol font `symbolsC' in version `bold'
(Font)                  U/txsyc/m/n --> U/txsyc/bx/n on input line 113.
LaTeX Font Info:    Redeclaring symbol font `largesymbols' on input line 120.
LaTeX Font Info:    Overwriting symbol font `largesymbols' in version `normal'
(Font)                  OMX/cmex/m/n --> OMX/txex/m/n on input line 120.
LaTeX Font Info:    Overwriting symbol font `largesymbols' in version `bold'
(Font)                  OMX/cmex/m/n --> OMX/txex/m/n on input line 120.
LaTeX Font Info:    Overwriting symbol font `largesymbols' in version `bold'
(Font)                  OMX/txex/m/n --> OMX/txex/bx/n on input line 121.
\symlargesymbolsA=\mathgroup10
LaTeX Font Info:    Overwriting symbol font `largesymbolsA' in version `bold'
(Font)                  U/txexa/m/n --> U/txexa/bx/n on input line 129.
LaTeX Info: Redefining \not on input line 1043.
)
(/usr/local/texlive/2016/texmf-dist/tex/latex/graphics/color.sty
Package: color 2016/07/10 v1.1e Standard LaTeX Color (DPC)

(/usr/local/texlive/2016/texmf-dist/tex/latex/graphics-cfg/color.cfg
File: color.cfg 2016/01/02 v1.6 sample color configuration
)
Package color Info: Driver file: dvips.def on input line 147.

(/usr/local/texlive/2016/texmf-dist/tex/latex/graphics-def/dvips.def
File: dvips.def 2016/07/10 v3.1a Driver-dependent file (DPC,SPQR)
)
(/usr/local/texlive/2016/texmf-dist/tex/latex/graphics/dvipsnam.def
File: dvipsnam.def 2016/06/17 v3.0m Driver-dependent file (DPC,SPQR)
))
(/usr/local/texlive/2016/texmf-dist/tex/latex/graphics/graphicx.sty
Package: graphicx 2014/10/28 v1.0g Enhanced LaTeX Graphics (DPC,SPQR)

(/usr/local/texlive/2016/texmf-dist/tex/latex/graphics/keyval.sty
Package: keyval 2014/10/28 v1.15 key=value parser (DPC)
\KV@toks@=\toks18
)
(/usr/local/texlive/2016/texmf-dist/tex/latex/graphics/graphics.sty
Package: graphics 2016/07/10 v1.0t Standard LaTeX Graphics (DPC,SPQR)

(/usr/local/texlive/2016/texmf-dist/tex/latex/graphics/trig.sty
Package: trig 2016/01/03 v1.10 sin cos tan (DPC)
)
(/usr/local/texlive/2016/texmf-dist/tex/latex/graphics-cfg/graphics.cfg
File: graphics.cfg 2016/06/04 v1.11 sample graphics configuration
)
Package graphics Info: Driver file: dvipdfmx.def on input line 99.

(/usr/local/texlive/2016/texmf-dist/tex/latex/graphics-def/dvipdfmx.def
File: dvipdfmx.def 2016/07/11 v4.12 LaTeX color/graphics driver for dvipdfmx (L
3/ChoF)
))
\Gin@req@height=\dimen127
\Gin@req@width=\dimen128
)
(/usr/local/texlive/2016/texmf-dist/tex/latex/listings/listings.sty
\lst@mode=\count94
\lst@gtempboxa=\box50
\lst@token=\toks19
\lst@length=\count95
\lst@currlwidth=\dimen129
\lst@column=\count96
\lst@pos=\count97
\lst@lostspace=\dimen130
\lst@width=\dimen131
\lst@newlines=\count98
\lst@lineno=\count99
\lst@maxwidth=\dimen132

(/usr/local/texlive/2016/texmf-dist/tex/latex/listings/lstmisc.sty
File: lstmisc.sty 2015/06/04 1.6 (Carsten Heinz)
\c@lstnumber=\count100
\lst@skipnumbers=\count101
\lst@framebox=\box51
)
(/usr/local/texlive/2016/texmf-dist/tex/latex/listings/listings.cfg
File: listings.cfg 2015/06/04 1.6 listings configuration
))
Package: listings 2015/06/04 1.6 (Carsten Heinz)

(/usr/local/texlive/2016/texmf-dist/tex/latex/listings/jlisting.sty
Package: jlisting 2006/02/20 0.2 (Thor)
\lst@nextchar=\count102
\lst@inputfile=\read1
)
(/usr/local/texlive/2016/texmf-dist/tex/latex/listings/lstlang1.sty
File: lstlang1.sty 2015/06/04 1.6 listings language file
)
(./linear_regression.aux)
\openout1 = `linear_regression.aux'.

LaTeX Font Info:    Checking defaults for OML/txmi/m/it on input line 29.
LaTeX Font Info:    Try loading font information for OML+txmi on input line 29.


(/usr/local/texlive/2016/texmf-dist/tex/latex/txfonts/omltxmi.fd
File: omltxmi.fd 2000/12/15 v3.1
)
LaTeX Font Info:    ... okay on input line 29.
LaTeX Font Info:    Checking defaults for T1/cmr/m/n on input line 29.
LaTeX Font Info:    ... okay on input line 29.
LaTeX Font Info:    Checking defaults for OT1/cmr/m/n on input line 29.
LaTeX Font Info:    ... okay on input line 29.
LaTeX Font Info:    Checking defaults for OMS/txsy/m/n on input line 29.
LaTeX Font Info:    Try loading font information for OMS+txsy on input line 29.


(/usr/local/texlive/2016/texmf-dist/tex/latex/txfonts/omstxsy.fd
File: omstxsy.fd 2000/12/15 v3.1
)
LaTeX Font Info:    ... okay on input line 29.
LaTeX Font Info:    Checking defaults for OMX/txex/m/n on input line 29.
LaTeX Font Info:    Try loading font information for OMX+txex on input line 29.


(/usr/local/texlive/2016/texmf-dist/tex/latex/txfonts/omxtxex.fd
File: omxtxex.fd 2000/12/15 v3.1
)
LaTeX Font Info:    ... okay on input line 29.
LaTeX Font Info:    Checking defaults for U/txexa/m/n on input line 29.
LaTeX Font Info:    Try loading font information for U+txexa on input line 29.

(/usr/local/texlive/2016/texmf-dist/tex/latex/txfonts/utxexa.fd
File: utxexa.fd 2000/12/15 v3.1
)
LaTeX Font Info:    ... okay on input line 29.
LaTeX Font Info:    Checking defaults for JY1/mc/m/n on input line 29.
LaTeX Font Info:    ... okay on input line 29.
LaTeX Font Info:    Checking defaults for JT1/mc/m/n on input line 29.
LaTeX Font Info:    ... okay on input line 29.

(I search kanjifont definition file: . . ) (I search font definition file: . .
. . . . . )
LaTeX Font Info:    Try loading font information for OT1+txr on input line 29.
 (/usr/local/texlive/2016/texmf-dist/tex/latex/txfonts/ot1txr.fd
File: ot1txr.fd 2000/12/15 v3.1
)
\c@lstlisting=\count103
LaTeX Font Info:    Font shape `JT1/mc/bx/n' in size <14.4> not available
(Font)              Font shape `JT1/gt/m/n' tried instead on input line 30.
LaTeX Font Info:    Font shape `JY1/mc/bx/n' in size <14.4> not available
(Font)              Font shape `JY1/gt/m/n' tried instead on input line 30.
LaTeX Font Info:    Try loading font information for U+txmia on input line 53.

(/usr/local/texlive/2016/texmf-dist/tex/latex/txfonts/utxmia.fd
File: utxmia.fd 2000/12/15 v3.1
)
LaTeX Font Info:    Try loading font information for U+txsya on input line 53.

(/usr/local/texlive/2016/texmf-dist/tex/latex/txfonts/utxsya.fd
File: utxsya.fd 2000/12/15 v3.1
)
LaTeX Font Info:    Try loading font information for U+txsyb on input line 53.

(/usr/local/texlive/2016/texmf-dist/tex/latex/txfonts/utxsyb.fd
File: utxsyb.fd 2000/12/15 v3.1
)
LaTeX Font Info:    Try loading font information for U+txsyc on input line 53.

(/usr/local/texlive/2016/texmf-dist/tex/latex/txfonts/utxsyc.fd
File: utxsyc.fd 2000/12/15 v3.1
) [1

]
File: ./output_1_0.png Graphic file (type bmp)

<./output_1_0.png>
LaTeX Font Info:    Font shape `JT1/mc/bx/n' in size <9> not available
(Font)              Font shape `JT1/gt/m/n' tried instead on input line 88.
LaTeX Font Info:    Font shape `JY1/mc/bx/n' in size <9> not available
(Font)              Font shape `JY1/gt/m/n' tried instead on input line 88.
 (I search kanjifont definition file: . . )
(I search font definition file: . . . . . . . )
LaTeX Font Info:    Try loading font information for OT1+txtt on input line 94.


(/usr/local/texlive/2016/texmf-dist/tex/latex/txfonts/ot1txtt.fd
File: ot1txtt.fd 2000/12/15 v3.1
) [2]
Overfull \hbox (31.82178pt too wide) detected at line 134
\OT1/txr/m/n/10 (32\OML/txmi/m/it/10 ^^L[] \OT1/txr/m/n/10 + \OML/txmi/m/it/10 
^^L[] \OMS/txsy/m/n/10 ^^@ \OT1/txr/m/n/10 40\OML/txmi/m/it/10 ; \OT1/txr/m/n/1
0 000)[] + (23\OML/txmi/m/it/10 ^^L[] \OT1/txr/m/n/10 + \OML/txmi/m/it/10 ^^L[]
 \OMS/txsy/m/n/10 ^^@ \OT1/txr/m/n/10 38\OML/txmi/m/it/10 ; \OT1/txr/m/n/10 000
)[] + (39\OML/txmi/m/it/10 ^^L[] \OT1/txr/m/n/10 + \OML/txmi/m/it/10 ^^L[] \OMS
/txsy/m/n/10 ^^@ \OT1/txr/m/n/10 46\OML/txmi/m/it/10 ; \OT1/txr/m/n/10 000)[] +
 (47\OML/txmi/m/it/10 ^^L[] \OT1/txr/m/n/10 + \OML/txmi/m/it/10 ^^L[] \OT1/txr/
m/n/10 + 48\OML/txmi/m/it/10 ; \OT1/txr/m/n/10 000)[] \U/txsya/m/n/10 = \OT1/tx
r/m/n/10 0
 []

File: ./output_2_0.png Graphic file (type bmp)
<./output_2_0.png> [3]
LaTeX Font Info:    Try loading font information for OMS+txr on input line 175.


(/usr/local/texlive/2016/texmf-dist/tex/latex/txfonts/omstxr.fd
File: omstxr.fd 2000/12/15 v3.1
)
LaTeX Font Info:    Font shape `OMS/txr/m/n' in size <9> not available
(Font)              Font shape `OMS/txsy/m/n' tried instead on input line 175.
 [4] [5]
(./linear_regression.aux) ) 
Here is how much of TeX's memory you used:
 3195 strings out of 493683
 43123 string characters out of 6149653
 228715 words of memory out of 5000000
 6709 multiletter control sequences out of 15000+600000
 22289 words of font info for 76 fonts, out of 8000000 for 9000
 929 hyphenation exceptions out of 8191
 26i,8n,40p,301b,1428s stack positions out of 5000i,500n,10000p,200000b,80000s

Output written on linear_regression.dvi (5 pages, 12492 bytes).
